/Applications/CLion.app/Contents/bin/cmake/mac/bin/cmake -DCMAKE_BUILD_TYPE=Debug -DCMAKE_MAKE_PROGRAM=/Applications/CLion.app/Contents/bin/ninja/mac/ninja -G Ninja -S /Users/trenttucker/CLionProjects/GoatTool -B /Users/trenttucker/CLionProjects/GoatTool/cmake-build-debug
-- The C compiler identification is unknown
-- Detecting C compiler ABI info
-- Detecting C compiler ABI info - failed
-- Check for working C compiler: /usr/bin/cc
-- Check for working C compiler: /usr/bin/cc - broken
CMake Error at /Applications/CLion.app/Contents/bin/cmake/mac/share/cmake-3.26/Modules/CMakeTestCCompiler.cmake:67 (message):
  The C compiler

    "/usr/bin/cc"

  is not able to compile a simple test program.

  It fails with the following output:

    Change Dir: /Users/trenttucker/CLionProjects/GoatTool/cmake-build-debug/CMakeFiles/CMakeScratch/TryCompile-vYQ1Aw
    
    Run Build Command(s):/Applications/CLion.app/Contents/bin/ninja/mac/ninja -v cmTC_38a43 && [1/2] /usr/bin/cc   -arch arm64 -o CMakeFiles/cmTC_38a43.dir/testCCompiler.c.o -c /Users/trenttucker/CLionProjects/GoatTool/cmake-build-debug/CMakeFiles/CMakeScratch/TryCompile-vYQ1Aw/testCCompiler.c
    FAILED: CMakeFiles/cmTC_38a43.dir/testCCompiler.c.o 
    /usr/bin/cc   -arch arm64 -o CMakeFiles/cmTC_38a43.dir/testCCompiler.c.o -c /Users/trenttucker/CLionProjects/GoatTool/cmake-build-debug/CMakeFiles/CMakeScratch/TryCompile-vYQ1Aw/testCCompiler.c
    xcrun: error: invalid active developer path (/Library/Developer/CommandLineTools), missing xcrun at: /Library/Developer/CommandLineTools/usr/bin/xcrun
    ninja: build stopped: subcommand failed.
    
    

  

  CMake will not be able to correctly generate this project.
Call Stack (most recent call first):
  CMakeLists.txt:2 (project)


-- Configuring incomplete, errors occurred!
